Log file open, 08/31/18 01:02:38
LogWindows: Failed to load 'aqProf.dll' (GetLastError=126)
LogWindows: File 'aqProf.dll' does not exist
LogWindows: Failed to load 'VtuneApi.dll' (GetLastError=126)
LogWindows: File 'VtuneApi.dll' does not exist
LogWindows: Failed to load 'VtuneApi32e.dll' (GetLastError=126)
LogWindows: File 'VtuneApi32e.dll' does not exist
LogInit: Display: Running engine for game: Ass3
LogPlatformFile: Not using cached read wrapper
LogTaskGraph: Started task graph with 5 named threads and 35 total threads with 3 sets of task threads.
LogStats: Stats thread started at 0.413045
LogD3D11RHI: Loaded GFSDK_Aftermath_Lib.x64.dll
LogICUInternationalization: Display: ICU TimeZone Detection - Raw Offset: -7:00, Platform Override: ''
LogPluginManager: Mounting plugin Paper2D
LogPluginManager: Mounting plugin AISupport
LogPluginManager: Mounting plugin LightPropagationVolume
LogPluginManager: Mounting plugin CLionSourceCodeAccess
LogPluginManager: Mounting plugin CodeLiteSourceCodeAccess
LogPluginManager: Mounting plugin GitSourceControl
LogPluginManager: Mounting plugin KDevelopSourceCodeAccess
LogPluginManager: Mounting plugin NullSourceCodeAccess
LogPluginManager: Mounting plugin PerforceSourceControl
LogPluginManager: Mounting plugin SubversionSourceControl
LogPluginManager: Mounting plugin UObjectPlugin
LogPluginManager: Mounting plugin VisualStudioCodeSourceCodeAccess
LogPluginManager: Mounting plugin VisualStudioSourceCodeAccess
LogPluginManager: Mounting plugin XCodeSourceCodeAccess
LogPluginManager: Mounting plugin AssetManagerEditor
LogPluginManager: Mounting plugin CryptoKeys
LogPluginManager: Mounting plugin DataValidation
LogPluginManager: Mounting plugin FacialAnimation
LogPluginManager: Mounting plugin GameplayTagsEditor
LogPluginManager: Mounting plugin MacGraphicsSwitching
LogPluginManager: Mounting plugin MeshEditor
LogPluginManager: Mounting plugin MobileLauncherProfileWizard
LogPluginManager: Mounting plugin PluginBrowser
LogPluginManager: Mounting plugin SpeedTreeImporter
LogPluginManager: Mounting plugin DatasmithContent
LogPluginManager: Mounting plugin AlembicImporter
LogPluginManager: Mounting plugin AppleImageUtils
LogPluginManager: Mounting plugin AppleVision
LogPluginManager: Mounting plugin BackChannel
LogPluginManager: Mounting plugin CharacterAI
LogPluginManager: Mounting plugin GeometryCache
LogPluginManager: Mounting plugin HTML5Networking
LogPluginManager: Mounting plugin ProxyLODPlugin
LogPluginManager: Mounting plugin MagicLeap
LogPluginManager: Mounting plugin MagicLeapEmulator
LogPluginManager: Mounting plugin MagicLeapMedia
LogPluginManager: Mounting plugin AndroidMedia
LogPluginManager: Mounting plugin AvfMedia
LogPluginManager: Mounting plugin ImgMedia
LogPluginManager: Mounting plugin LinearTimecode
LogPluginManager: Mounting plugin MediaCompositing
LogPluginManager: Mounting plugin MediaPlayerEditor
LogPluginManager: Mounting plugin WmfMedia
LogPluginManager: Mounting plugin TcpMessaging
LogPluginManager: Mounting plugin UdpMessaging
LogPluginManager: Mounting plugin ActorSequence
LogPluginManager: Mounting plugin LevelSequenceEditor
LogPluginManager: Mounting plugin MatineeToLevelSequence
LogPluginManager: Mounting plugin NetcodeUnitTest
LogPluginManager: Mounting plugin NUTUnrealEngine4
LogPluginManager: Mounting plugin OnlineSubsystemGooglePlay
LogPluginManager: Mounting plugin OnlineSubsystemIOS
LogPluginManager: Mounting plugin OnlineSubsystem
LogPluginManager: Mounting plugin OnlineSubsystemNull
LogPluginManager: Mounting plugin OnlineSubsystemUtils
LogPluginManager: Mounting plugin LauncherChunkInstaller
LogPluginManager: Mounting plugin AndroidDeviceProfileSelector
LogPluginManager: Mounting plugin AndroidMoviePlayer
LogPluginManager: Mounting plugin AndroidPermission
LogPluginManager: Mounting plugin AppleMoviePlayer
LogPluginManager: Mounting plugin ArchVisCharacter
LogPluginManager: Mounting plugin AudioCapture
LogPluginManager: Mounting plugin CableComponent
LogPluginManager: Mounting plugin CustomMeshComponent
LogPluginManager: Mounting plugin EditableMesh
LogPluginManager: Mounting plugin ExampleDeviceProfileSelector
LogPluginManager: Mounting plugin GoogleCloudMessaging
LogPluginManager: Mounting plugin ImmediatePhysics
LogPluginManager: Mounting plugin IOSDeviceProfileSelector
LogPluginManager: Mounting plugin LinuxDeviceProfileSelector
LogPluginManager: Mounting plugin LocationServicesBPLibrary
LogPluginManager: Mounting plugin MobilePatchingUtils
LogPluginManager: Mounting plugin OculusVR
LogPluginManager: Plugin shader directory ../../../Engine/Plugins/Runtime/Oculus/OculusVR/Shaders found
LogPluginManager: Mapping shader source directory ../../../Engine/Plugins/Runtime/Oculus/OculusVR/Shaders to virtual directory /Plugin/OculusVR
LogPluginManager: Mounting plugin PhysXVehicles
LogPluginManager: Mounting plugin ProceduralMeshComponent
LogPluginManager: Mounting plugin RuntimePhysXCooking
LogPluginManager: Mounting plugin SteamVR
LogPluginManager: Mounting plugin WindowsMoviePlayer
LogStreaming: Display: Took  0.065s to configure plugins.
LogInit: Using libcurl 7.55.1-DEV
LogInit:  - built for x86_64-pc-win32
LogInit:  - supports SSL with OpenSSL/1.0.2h
LogInit:  - supports HTTP deflate (compression) using libz 1.2.8
LogInit:  - other features:
LogInit:      CURL_VERSION_SSL
LogInit:      CURL_VERSION_LIBZ
LogInit:      CURL_VERSION_IPV6
LogInit:      CURL_VERSION_ASYNCHDNS
LogInit:      CURL_VERSION_LARGEFILE
LogInit:      CURL_VERSION_IDN
LogInit:  CurlRequestOptions (configurable via config and command line):
LogInit:  - bVerifyPeer = false  - Libcurl will NOT verify peer certificate
LogInit:  - bUseHttpProxy = false  - Libcurl will NOT use HTTP proxy
LogInit:  - bDontReuseConnections = false  - Libcurl will reuse connections
LogInit:  - CertBundlePath = nullptr  - Libcurl will use whatever was configured at build time.
LogInit:  - MaxHostConnections = 16  - Libcurl will limit the number of connections to a host
LogInit:  - LocalHostAddr = Default
LogInit:  - BufferSize = 65536
LogInit: WinSock: version 1.1 (2.2), MaxSocks=32767, MaxUdp=65467
LogInit: Build: ++UE4+Release-4.20-CL-4302132
LogInit: Engine Version: 4.20.2-4302132+++UE4+Release-4.20
LogInit: Compatible Engine Version: 4.20.0-4212847+++UE4+Release-4.20
LogInit: Net CL: 4212847
LogInit: OS: Windows 10 (), CPU: Intel(R) Core(TM) i7-6850K CPU @ 3.60GHz, GPU: AMD Radeon HD 6900 Series
LogInit: Compiled (64-bit): Aug 21 2018 02:06:06
LogInit: Compiled with Visual C++: 19.13.26129.00
LogInit: Build Configuration: Development
LogInit: Branch Name: ++UE4+Release-4.20
LogInit: Command Line: -EpicPortal 
LogInit: Base Directory: E:/Games/Epic/UE_4.20/Engine/Binaries/Win64/
LogInit: Installed Engine Build: 1
LogDevObjectVersion: Number of dev versions registered: 20
LogDevObjectVersion:   Dev-Blueprints (B0D832E4-1F89-4F0D-ACCF-7EB736FD4AA2): 10
LogDevObjectVersion:   Dev-Build (E1C64328-A22C-4D53-A36C-8E866417BD8C): 0
LogDevObjectVersion:   Dev-Core (375EC13C-06E4-48FB-B500-84F0262A717E): 2
LogDevObjectVersion:   Dev-Editor (E4B068ED-F494-42E9-A231-DA0B2E46BB41): 24
LogDevObjectVersion:   Dev-Framework (CFFC743F-43B0-4480-9391-14DF171D2073): 34
LogDevObjectVersion:   Dev-Mobile (B02B49B5-BB20-44E9-A304-32B752E40360): 2
LogDevObjectVersion:   Dev-Networking (A4E4105C-59A1-49B5-A7C5-40C4547EDFEE): 0
LogDevObjectVersion:   Dev-Online (39C831C9-5AE6-47DC-9A44-9C173E1C8E7C): 0
LogDevObjectVersion:   Dev-Physics (78F01B33-EBEA-4F98-B9B4-84EACCB95AA2): 0
LogDevObjectVersion:   Dev-Platform (6631380F-2D4D-43E0-8009-CF276956A95A): 0
LogDevObjectVersion:   Dev-Rendering (12F88B9F-8875-4AFC-A67C-D90C383ABD29): 26
LogDevObjectVersion:   Dev-Sequencer (7B5AE74C-D270-4C10-A958-57980B212A5A): 9
LogDevObjectVersion:   Dev-VR (D7296918-1DD6-4BDD-9DE2-64A83CC13884): 2
LogDevObjectVersion:   Dev-LoadTimes (C2A15278-BFE7-4AFE-6C17-90FF531DF755): 1
LogDevObjectVersion:   Private-Geometry (6EACA3D4-40EC-4CC1-B786-8BED09428FC5): 3
LogDevObjectVersion:   Dev-AnimPhys (29E575DD-E0A3-4627-9D10-D276232CDCEA): 17
LogDevObjectVersion:   Dev-ReflectionCapture (6B266CEC-1EC7-4B8F-A30B-E4D90942FC07): 1
LogDevObjectVersion:   Dev-Automation (0DF73D61-A23F-47EA-B727-89E90C41499A): 1
LogDevObjectVersion:   FortniteMain (601D1886-AC64-4F84-AA16-D3DE0DEAC7D6): 12
LogDevObjectVersion:   Dev-Enterprise (9DFFBCD6-494F-0158-E221-12823C92A888): 1
LogStreaming: Display: Took  0.000s to delete old logs.
LogInit: Presizing for max 8388607 objects, including 0 objects not considered by GC, pre-allocating 0 bytes for permanent pool.
LogInit: Object subsystem initialized
[2018.08.31-07.02.38:653][  0]LogInit: Selected Device Profile: [Windows]
[2018.08.31-07.02.38:653][  0]LogInit: Applying CVar settings loaded from the selected device profile: [Windows]
[2018.08.31-07.02.38:674][  0]LogHAL: Display: Platform has ~ 32 GB [34256433152 / 34359738368 / 32], which maps to Largest [LargestMinGB=32, LargerMinGB=12, DefaultMinGB=8, SmallerMinGB=6, SmallestMinGB=0)
[2018.08.31-07.02.38:675][  0]LogInit: Setting Device Profile CVar: [[r.Vulkan.UseRealUBs:1]]
[2018.08.31-07.02.38:675][  0]LogInit: Going up to parent DeviceProfile []
[2018.08.31-07.02.38:675][  0]LogInit: Computer: DESKTOP-LT9HR2C
[2018.08.31-07.02.38:675][  0]LogInit: User: msb92
[2018.08.31-07.02.38:675][  0]LogInit: CPU Page size=4096, Cores=6
[2018.08.31-07.02.38:675][  0]LogInit: High frequency timer resolution =10.000000 MHz
[2018.08.31-07.02.38:676][  0]LogMemory: Memory total: Physical=31.9GB (32GB approx)
[2018.08.31-07.02.38:676][  0]LogMemory: Platform Memory Stats for Windows
[2018.08.31-07.02.38:676][  0]LogMemory: Process Physical Memory: 101.60 MB used, 101.60 MB peak
[2018.08.31-07.02.38:676][  0]LogMemory: Process Virtual Memory: 86.47 MB used, 86.47 MB peak
[2018.08.31-07.02.38:676][  0]LogMemory: Physical Memory: 10871.54 MB used,  21797.94 MB free, 32669.48 MB total
[2018.08.31-07.02.38:676][  0]LogMemory: Virtual Memory: 4657.57 MB used,  21797.94 MB free, 134217728.00 MB total
[2018.08.31-07.02.38:697][  0]LogInit: Using OS detected language (en-US).
[2018.08.31-07.02.38:697][  0]LogInit: Using OS detected locale (en-US).
[2018.08.31-07.02.38:698][  0]LogTextLocalizationManager: No specific localization for 'en-US' exists, so the 'en' localization will be used.
[2018.08.31-07.02.39:064][  0]LogStreaming: Display: Took  0.367s to InitEngineTextLocalization.
[2018.08.31-07.02.39:064][  0]LogInit: Setting process to per monitor DPI aware
[2018.08.31-07.02.39:106][  0]LogSlate: New Slate User Created.  User Index 0, Is Virtual User: 0
[2018.08.31-07.02.39:106][  0]LogSlate: Slate User Registered.  User Index 0, Is Virtual User: 0
[2018.08.31-07.02.39:286][  0]LogHMD: Failed to initialize OpenVR with code 110
[2018.08.31-07.02.39:286][  0]LogD3D11RHI: D3D11 adapters:
[2018.08.31-07.02.39:299][  0]LogD3D11RHI:    0. 'AMD Radeon HD 6900 Series' (Feature Level 11_0)
[2018.08.31-07.02.39:299][  0]LogD3D11RHI:       2032/0/3840 MB DedicatedVideo/DedicatedSystem/SharedSystem, Outputs:2, VendorId:0x1002
[2018.08.31-07.02.39:369][  0]LogD3D11RHI:    1. 'NVIDIA GeForce GTX 1080' (Feature Level 11_0)
[2018.08.31-07.02.39:369][  0]LogD3D11RHI:       8079/0/16334 MB DedicatedVideo/DedicatedSystem/SharedSystem, Outputs:0, VendorId:0x10de
[2018.08.31-07.02.39:371][  0]LogD3D11RHI:    2. 'Microsoft Basic Render Driver' (Feature Level 11_0)
[2018.08.31-07.02.39:371][  0]LogD3D11RHI:       0/0/16334 MB DedicatedVideo/DedicatedSystem/SharedSystem, Outputs:0, VendorId:0x1414
[2018.08.31-07.02.39:371][  0]LogD3D11RHI: Chosen D3D11 Adapter: 0
[2018.08.31-07.02.39:378][  0]LogD3D11RHI: Creating new Direct3DDevice
[2018.08.31-07.02.39:378][  0]LogD3D11RHI:     GPU DeviceId: 0x6719 (for the marketing name, search the web for "GPU Device Id")
[2018.08.31-07.02.39:378][  0]LogWindows: EnumDisplayDevices:
[2018.08.31-07.02.39:378][  0]LogWindows:    0. 'NVIDIA GeForce GTX 1080' (P:0 D:0)
[2018.08.31-07.02.39:378][  0]LogWindows:    1. 'NVIDIA GeForce GTX 1080' (P:0 D:0)
[2018.08.31-07.02.39:379][  0]LogWindows:    2. 'NVIDIA GeForce GTX 1080' (P:0 D:0)
[2018.08.31-07.02.39:379][  0]LogWindows:    3. 'NVIDIA GeForce GTX 1080' (P:0 D:0)
[2018.08.31-07.02.39:379][  0]LogWindows:    4. 'AMD Radeon HD 6900 Series' (P:1 D:1)
[2018.08.31-07.02.39:379][  0]LogWindows:    5. 'AMD Radeon HD 6900 Series' (P:0 D:1)
[2018.08.31-07.02.39:380][  0]LogWindows:    6. 'AMD Radeon HD 6900 Series' (P:0 D:0)
[2018.08.31-07.02.39:380][  0]LogWindows:    7. 'AMD Radeon HD 6900 Series' (P:0 D:0)
[2018.08.31-07.02.39:380][  0]LogWindows:    8. 'AMD Radeon HD 6900 Series' (P:0 D:0)
[2018.08.31-07.02.39:381][  0]LogWindows:    9. 'AMD Radeon HD 6900 Series' (P:0 D:0)
[2018.08.31-07.02.39:381][  0]LogWindows: DebugString: PrimaryIsNotTheChoosenAdapter PrimaryIsNotTheChoosenAdapter PrimaryIsNotTheChoosenAdapter PrimaryIsNotTheChoosenAdapter FoundDriverCount:6 
[2018.08.31-07.02.39:381][  0]LogD3D11RHI:     Adapter Name: AMD Radeon HD 6900 Series
[2018.08.31-07.02.39:381][  0]LogD3D11RHI:   Driver Version: 15.201.1151.1008 (internal:15.201.1151.1008, unified:15.201.1151.1008)
[2018.08.31-07.02.39:381][  0]LogD3D11RHI:      Driver Date: 11-4-2015
[2018.08.31-07.02.39:381][  0]LogRHI: Texture pool is 1422 MB (70% of 2032 MB)
[2018.08.31-07.02.39:458][  0]LogD3D11RHI: AMD Pre GCN architecture detected, some driver workarounds will be in place
[2018.08.31-07.02.39:465][  0]LogD3D11RHI: Async texture creation enabled
[2018.08.31-07.02.39:477][  0]LogD3D11RHI: GPU Timing Frequency: 27.000000 (Debug: 2 1)
[2018.08.31-07.02.39:478][  0]LogShaderCompilers: Guid format shader working directory is 9 characters bigger than the processId version (../../../../../../Projects/3010/Ass3/Intermediate/Shaders/WorkingDirectory/14056/).
[2018.08.31-07.02.39:478][  0]LogShaderCompilers: Cleaned the shader compiler working directory 'C:/Users/msb92/AppData/Local/Temp/UnrealShaderWorkingDir/93172BD144610D1F918544BD74DF7AEF/'.
[2018.08.31-07.02.39:736][  0]LogTemp: Display: Loaded TP AllDesktopTargetPlatform
[2018.08.31-07.02.39:748][  0]LogTemp: Display: Loaded TP MacClientTargetPlatform
[2018.08.31-07.02.39:762][  0]LogTemp: Display: Loaded TP MacNoEditorTargetPlatform
[2018.08.31-07.02.39:775][  0]LogTemp: Display: Loaded TP MacServerTargetPlatform
[2018.08.31-07.02.39:787][  0]LogTemp: Display: Loaded TP MacTargetPlatform
[2018.08.31-07.02.39:799][  0]LogTemp: Display: Loaded TP WindowsClientTargetPlatform
[2018.08.31-07.02.39:812][  0]LogTemp: Display: Loaded TP WindowsNoEditorTargetPlatform
[2018.08.31-07.02.39:824][  0]LogTemp: Display: Loaded TP WindowsServerTargetPlatform
[2018.08.31-07.02.39:829][  0]LogTemp: Display: Loaded TP WindowsTargetPlatform
[2018.08.31-07.02.39:898][  0]LogTemp: Display: Loaded TP AndroidTargetPlatform
[2018.08.31-07.02.39:898][  0]LogTemp: Display: Loaded TP AndroidTargetPlatform
[2018.08.31-07.02.39:898][  0]LogTemp: Display: Loaded TP AndroidTargetPlatform
[2018.08.31-07.02.39:898][  0]LogTemp: Display: Loaded TP AndroidTargetPlatform
[2018.08.31-07.02.39:898][  0]LogTemp: Display: Loaded TP AndroidTargetPlatform
[2018.08.31-07.02.39:898][  0]LogTemp: Display: Loaded TP AndroidTargetPlatform
[2018.08.31-07.02.39:898][  0]LogTemp: Display: Loaded TP AndroidTargetPlatform
[2018.08.31-07.02.39:898][  0]LogTemp: Display: Loaded TP AndroidTargetPlatform
[2018.08.31-07.02.39:898][  0]LogTemp: Display: Loaded TP AndroidTargetPlatform
[2018.08.31-07.02.39:898][  0]LogTemp: Display: Loaded TP AndroidTargetPlatform
[2018.08.31-07.02.39:898][  0]LogTemp: Display: Loaded TP AndroidTargetPlatform
[2018.08.31-07.02.39:898][  0]LogTemp: Display: Loaded TP AndroidTargetPlatform
[2018.08.31-07.02.39:898][  0]LogTemp: Display: Loaded TP AndroidTargetPlatform
[2018.08.31-07.02.39:898][  0]LogTemp: Display: Loaded TP AndroidTargetPlatform
[2018.08.31-07.02.39:898][  0]LogTemp: Display: Loaded TP AndroidTargetPlatform
[2018.08.31-07.02.39:898][  0]LogTemp: Display: Loaded TP AndroidTargetPlatform
[2018.08.31-07.02.39:898][  0]LogTemp: Display: Loaded TP AndroidTargetPlatform
[2018.08.31-07.02.39:898][  0]LogTemp: Display: Loaded TP AndroidTargetPlatform
[2018.08.31-07.02.39:899][  0]LogTemp: Display: Loaded TP HTML5TargetPlatform
[2018.08.31-07.02.39:957][  0]LogTemp: Display: Loaded TP IOSTargetPlatform
[2018.08.31-07.02.39:957][  0]LogTemp: Display: Loaded TP IOSTargetPlatform
[2018.08.31-07.02.39:979][  0]LogTemp: Display: Loaded TP TVOSTargetPlatform
[2018.08.31-07.02.39:979][  0]LogTemp: Display: Loaded TP TVOSTargetPlatform
[2018.08.31-07.02.39:990][  0]LogTemp: Display: Loaded TP LinuxClientTargetPlatform
[2018.08.31-07.02.40:001][  0]LogTemp: Display: Loaded TP LinuxNoEditorTargetPlatform
[2018.08.31-07.02.40:012][  0]LogTemp: Display: Loaded TP LinuxServerTargetPlatform
[2018.08.31-07.02.40:023][  0]LogTemp: Display: Loaded TP LinuxTargetPlatform
[2018.08.31-07.02.40:031][  0]LogTemp: Display: Loaded TP LuminTargetPlatform
[2018.08.31-07.02.40:031][  0]LogTargetPlatformManager: Display: Building Assets For Windows
[2018.08.31-07.02.40:076][  0]LogXGEController: Cannot use XGE Controller as Incredibuild is not installed on this machine.
[2018.08.31-07.02.40:076][  0]LogShaderCompilers: Cannot use XGE Shader Compiler as Incredibuild is not installed on this machine.
[2018.08.31-07.02.40:076][  0]LogShaderCompilers: Display: Using Local Shader Compiler.
[2018.08.31-07.02.40:808][  0]LogDerivedDataCache: Display: Max Cache Size: 512 MB
[2018.08.31-07.02.40:871][  0]LogDerivedDataCache: Loaded boot cache 0.06s 71MB C:/Users/msb92/AppData/Local/UnrealEngine/4.20/DerivedDataCache/Boot.ddc.
[2018.08.31-07.02.40:871][  0]LogDerivedDataCache: Display: Loaded Boot cache: C:/Users/msb92/AppData/Local/UnrealEngine/4.20/DerivedDataCache/Boot.ddc
[2018.08.31-07.02.40:871][  0]LogDerivedDataCache: FDerivedDataBackendGraph:  Pak pak cache file ../../../../../../Projects/3010/Ass3/DerivedDataCache/DDC.ddp not found, will not use a pak cache.
[2018.08.31-07.02.40:871][  0]LogDerivedDataCache: Unable to find inner node Pak for hierarchical cache Hierarchy.
[2018.08.31-07.02.40:871][  0]LogDerivedDataCache: FDerivedDataBackendGraph:  CompressedPak pak cache file ../../../../../../Projects/3010/Ass3/DerivedDataCache/Compressed.ddp not found, will not use a pak cache.
[2018.08.31-07.02.40:871][  0]LogDerivedDataCache: Unable to find inner node CompressedPak for hierarchical cache Hierarchy.
[2018.08.31-07.02.40:883][  0]LogDerivedDataCache: Display: Pak cache opened for reading ../../../Engine/DerivedDataCache/Compressed.ddp.
[2018.08.31-07.02.40:895][  0]LogDerivedDataCache: Using Local data cache path C:/Users/msb92/AppData/Local/UnrealEngine/Common/DerivedDataCache: Writable
[2018.08.31-07.02.40:895][  0]LogDerivedDataCache: Shared data cache path not found in *engine.ini, will not use an Shared cache.
[2018.08.31-07.02.40:895][  0]LogDerivedDataCache: Unable to find inner node Shared for hierarchical cache Hierarchy.
[2018.08.31-07.02.40:921][  0]LogMaterial: Verifying Global Shaders for PCD3D_SM5
[2018.08.31-07.02.40:923][  0]LogSlate: Using FreeType 2.6.0
[2018.08.31-07.02.40:923][  0]LogSlate: SlateFontServices - WITH_FREETYPE: 1, WITH_HARFBUZZ: 1
[2018.08.31-07.02.40:993][  0]LogAssetRegistry: FAssetRegistry took 0.0256 seconds to start up
[2018.08.31-07.02.41:287][  0]LogInit: Selected Device Profile: [Windows]
[2018.08.31-07.02.41:405][  0]LogSimplygon: Simplygon DLL not present - disabling.
[2018.08.31-07.02.41:408][  0]LogMeshReduction: Using SimplygonSwarm for distributed automatic mesh merging
[2018.08.31-07.02.41:408][  0]LogMeshReduction: Using ProxyLODMeshReduction for automatic mesh merging
[2018.08.31-07.02.41:408][  0]LogMeshReduction: Using QuadricMeshReduction for automatic static mesh reduction
[2018.08.31-07.02.41:408][  0]LogMeshReduction: No automatic skeletal mesh reduction module available
[2018.08.31-07.02.41:431][  0]LogNetVersion: Ass3 1.0.0, NetCL: 4212847, EngineNetVer: 5, GameNetVer: 0 (Checksum: 1849876466)
[2018.08.31-07.02.41:918][  0]LogPackageLocalizationCache: Processed 11 localized package path(s) for 2 prioritized culture(s) in 0.088368 seconds
[2018.08.31-07.02.41:926][  0]LogUObjectArray: 38425 objects as part of root set at end of initial load.
[2018.08.31-07.02.41:926][  0]LogUObjectAllocator: 6690872 out of 0 bytes used by permanent object pool.
[2018.08.31-07.02.41:926][  0]LogUObjectArray: CloseDisregardForGC: 0/0 objects in disregard for GC pool
[2018.08.31-07.02.42:708][  0]LogTcpMessaging: Initializing TcpMessaging bridge
[2018.08.31-07.02.42:732][  0]LogUdpMessaging: Initializing bridge on interface 0.0.0.0:0 to multicast group 230.0.0.1:6666.
[2018.08.31-07.02.42:869][  0]SourceControl: Source control is disabled
[2018.08.31-07.02.42:870][  0]SourceControl: Source control is disabled
[2018.08.31-07.02.42:871][  0]SourceControl: Source control is disabled
[2018.08.31-07.02.42:871][  0]SourceControl: Source control is disabled
[2018.08.31-07.02.43:032][  0]LogAndroidPermission: UAndroidPermissionCallbackProxy::GetInstance
[2018.08.31-07.02.43:136][  0]LogOcInput: OculusInput pre-init called
[2018.08.31-07.02.43:191][  0]LogEngine: Initializing Engine...
[2018.08.31-07.02.43:192][  0]LogHMD: Failed to initialize OpenVR with code 110
[2018.08.31-07.02.43:193][  0]LogStats: UGameplayTagsManager::ConstructGameplayTagTree: ImportINI prefixes -  0.000 s
[2018.08.31-07.02.43:193][  0]LogStats: UGameplayTagsManager::ConstructGameplayTagTree: Construct from data asset -  0.000 s
[2018.08.31-07.02.43:193][  0]LogStats: UGameplayTagsManager::ConstructGameplayTagTree: ImportINI -  0.000 s
[2018.08.31-07.02.43:194][  0]LogStats: UGameplayTagsManager::ConstructGameplayTagTree: GameplayTagTreeChangedEvent.Broadcast -  0.000 s
[2018.08.31-07.02.43:409][  0]LogInit: Initializing FReadOnlyCVARCache
[2018.08.31-07.02.43:418][  0]LogAIModule: Creating AISystem for world Untitled
[2018.08.31-07.02.43:457][  0]LogInit: XAudio2 using 'Speakers (Logitech G933 Gaming Headset)' : 6 channels at 48 kHz using 16 bits per sample (channel mask 0x3f)
[2018.08.31-07.02.43:486][  0]LogInit: FAudioDevice initialized.
[2018.08.31-07.02.43:486][  0]LogNetVersion: Set ProjectVersion to 1.0.0.0. Version Checksum will be recalculated on next use.
[2018.08.31-07.02.43:550][  0]LogDerivedDataCache: Saved boot cache 0.06s 71MB C:/Users/msb92/AppData/Local/UnrealEngine/4.20/DerivedDataCache/Boot.ddc.
[2018.08.31-07.02.43:555][  0]LogInit: Texture streaming: Enabled
[2018.08.31-07.02.43:570][  0]LogEngineSessionManager: EngineSessionManager initialized
[2018.08.31-07.02.43:584][  0]LogInit: Transaction tracking system initialized
[2018.08.31-07.02.43:600][  0]BlueprintLog: New page: Editor Load
[2018.08.31-07.02.43:723][  0]LocalizationService: Localization service is disabled
[2018.08.31-07.02.43:991][  0]LogCook: Display: Max memory allowance for cook 16384mb min free memory 0mb
[2018.08.31-07.02.43:991][  0]LogCook: Display: Mobile HDR setting 1
[2018.08.31-07.02.43:991][  0]LogGameplayTags: Display: UGameplayTagsManager::DoneAddingNativeTags. DelegateIsBound: 0
[2018.08.31-07.02.43:991][  0]LogStats: UGameplayTagsManager::ConstructGameplayTagTree: ImportINI prefixes -  0.000 s
[2018.08.31-07.02.43:991][  0]LogStats: UGameplayTagsManager::ConstructGameplayTagTree: Construct from data asset -  0.000 s
[2018.08.31-07.02.43:991][  0]LogStats: UGameplayTagsManager::ConstructGameplayTagTree: ImportINI -  0.000 s
[2018.08.31-07.02.43:991][  0]LogStats: UGameplayTagsManager::ConstructGameplayTagTree: GameplayTagTreeChangedEvent.Broadcast -  0.000 s
[2018.08.31-07.02.44:105][  0]LogFileCache: Scanning file cache for directory 'E:/Projects/3010/Ass3/Content/' took 0.01s
[2018.08.31-07.02.44:105][  0]SourceControl: Source control is disabled
[2018.08.31-07.02.44:106][  0]Cmd: MAP LOAD FILE="../../../../../../Projects/3010/Ass3/Content/ThirdPersonBP/Maps/ThirdPersonExampleMap.umap" TEMPLATE=0 SHOWPROGRESS=1 FEATURELEVEL=3
[2018.08.31-07.02.44:106][  0]LightingResults: New page: Lighting Build
[2018.08.31-07.02.44:109][  0]MapCheck: New page: Map Check
[2018.08.31-07.02.44:109][  0]LightingResults: New page: Lighting Build
[2018.08.31-07.02.45:632][  0]LogAIModule: Creating AISystem for world ThirdPersonExampleMap
[2018.08.31-07.02.45:764][  0]LogEditorServer: Finished looking for orphan Actors (0.000 secs)
[2018.08.31-07.02.45:794][  0]Cmd: MAP CHECKDEP NOCLEARLOG
[2018.08.31-07.02.45:844][  0]MapCheck: Map check complete: 0 Error(s), 0 Warning(s), took 49.089ms to complete.
[2018.08.31-07.02.45:844][  0]LogFileHelpers: Loading map 'ThirdPersonExampleMap' took 1.738
[2018.08.31-07.02.46:396][  0]LogSlate: Updating window title bar state: overlay mode, drag disabled, window buttons hidden, title bar hidden
[2018.08.31-07.02.46:419][  0]LogSlate: Updating window title bar state: overlay mode, drag disabled, window buttons hidden, title bar hidden
[2018.08.31-07.02.46:425][  0]LogSlate: Updating window title bar state: overlay mode, drag disabled, window buttons hidden, title bar hidden
[2018.08.31-07.02.46:431][  0]LogSlate: Updating window title bar state: overlay mode, drag disabled, window buttons hidden, title bar hidden
[2018.08.31-07.02.46:443][  0]LogCollectionManager: Loaded 0 collections in 0.000900 seconds
[2018.08.31-07.02.46:575][  0]LogFileCache: Scanning file cache for directory 'E:/Projects/3010/Ass3/Saved/Collections/' took 0.01s
[2018.08.31-07.02.46:575][  0]LogFileCache: Scanning file cache for directory 'E:/Projects/3010/Ass3/Content/Developers/msb92/Collections/' took 0.01s
[2018.08.31-07.02.46:575][  0]LogFileCache: Scanning file cache for directory 'E:/Projects/3010/Ass3/Content/Collections/' took 0.01s
[2018.08.31-07.02.46:575][  0]LogCollectionManager: Rebuilt the GUID cache for 0 collections in 0.000001 seconds
[2018.08.31-07.02.46:591][  0]LogContentBrowser: Native class hierarchy populated in 0.0156 seconds. Added 2572 classes and 603 folders.
[2018.08.31-07.02.46:634][  0]LogContentBrowser: Native class hierarchy updated for 'WidgetCarousel' in 0.0003 seconds. Added 0 classes and 0 folders.
[2018.08.31-07.02.46:673][  0]LogContentBrowser: Native class hierarchy updated for 'AddContentDialog' in 0.0003 seconds. Added 0 classes and 0 folders.
[2018.08.31-07.02.46:707][  0]LogContentBrowser: Native class hierarchy updated for 'SceneOutliner' in 0.0003 seconds. Added 1 classes and 2 folders.
[2018.08.31-07.02.46:948][  0]LogSlate: Took 0.000225 seconds to synchronously load lazily loaded font '../../../Engine/Content/Slate/Fonts/Roboto-Regular.ttf' (155K)
[2018.08.31-07.02.46:949][  0]LogSlate: Took 0.000158 seconds to synchronously load lazily loaded font '../../../Engine/Content/Slate/Fonts/Roboto-Bold.ttf' (160K)
[2018.08.31-07.02.46:973][  0]LogSlate: Took 0.018111 seconds to synchronously load lazily loaded font '../../../Engine/Content/Editor/Slate/Fonts/FontAwesome.ttf' (139K)
[2018.08.31-07.02.47:230][  0]LogRenderer: Reallocating scene render targets to support 1616x836 Format 10 NumSamples 1 (Frame:1).
[2018.08.31-07.02.47:549][  0]LogSlate: FSceneViewport::OnFocusLost() reason 2
[2018.08.31-07.02.47:673][  0]LogSlate: Window 'Tutorials' being destroyed
[2018.08.31-07.02.47:702][  0]LogContentBrowser: Native class hierarchy updated for 'HierarchicalLODOutliner' in 0.0002 seconds. Added 0 classes and 0 folders.
[2018.08.31-07.02.47:702][  0]LogLoad: (Engine Initialization) Total time: 10.70 seconds
[2018.08.31-07.02.47:702][  0]LogLoad: (Engine Initialization) Total Blueprint compile time: 0.00 seconds
[2018.08.31-07.02.47:769][  0]LogContentStreaming: Texture pool size now 1000 MB
[2018.08.31-07.02.53:984][282]LogAssetRegistry: Asset discovery search completed in 13.0136 seconds
[2018.08.31-07.02.53:986][282]LogCollectionManager: Rebuilt the object cache for 0 collections in 0.000000 seconds (found 0 objects)
[2018.08.31-07.02.53:986][282]LogCollectionManager: Fixed up redirectors for 0 collections in 0.000059 seconds (updated 0 objects)
[2018.08.31-07.04.04:366][583]LogSlate: FSceneViewport::OnFocusLost() reason 0
[2018.08.31-07.04.14:933][ 53]LogEditorViewport: Clicking on Actor (LMB): BP_Sky_Sphere_C (SkySphereBlueprint)
[2018.08.31-07.04.28:643][551]LogSlate: FSceneViewport::OnFocusLost() reason 0
[2018.08.31-07.04.33:043][763]LogD3D11RHI: Error: agsDriverExtensionsDX11_SetDepthBounds(1,0.000000, 1.000000) returned error code 6. **********PLEASE UPDATE YOUR VIDEO DRIVERS*********
[2018.08.31-07.04.35:433][864]LogEditorActor: Deleted Actor: StaticMeshActor
[2018.08.31-07.04.35:455][864]LogEditorActor: Deleted Actor: StaticMeshActor
[2018.08.31-07.04.35:455][864]LogEditorActor: Deleted Actor: StaticMeshActor
[2018.08.31-07.04.35:455][864]LogEditorActor: Deleted Actor: StaticMeshActor
[2018.08.31-07.04.35:455][864]LogEditorActor: Deleted Actor: StaticMeshActor
[2018.08.31-07.04.35:455][864]LogEditorActor: Deleted Actor: StaticMeshActor
[2018.08.31-07.04.35:455][864]LogEditorActor: Deleted Actor: StaticMeshActor
[2018.08.31-07.04.35:456][864]LogEditorActor: Deleted Actor: StaticMeshActor
[2018.08.31-07.04.35:456][864]LogEditorActor: Deleted Actor: StaticMeshActor
[2018.08.31-07.04.35:456][864]LogEditorActor: Deleted Actor: StaticMeshActor
[2018.08.31-07.04.35:488][864]LogEditorActor: Deleted 10 Actors (0.098 secs)
[2018.08.31-07.04.47:042][413]LogEditorActor: Deleted Actor: StaticMeshActor
[2018.08.31-07.04.47:043][413]LogEditorActor: Deleted Actor: DocumentationActor
[2018.08.31-07.04.47:044][413]LogEditorActor: Deleted Actor: PlayerStart
[2018.08.31-07.04.47:047][413]LogEditorActor: Deleted Actor: BP_Sky_Sphere_C
[2018.08.31-07.04.47:047][413]LogEditorActor: Deleted Actor: TextRenderActor
[2018.08.31-07.04.47:048][413]LogEditorActor: Deleted Actor: ThirdPersonCharacter_C
[2018.08.31-07.04.47:079][413]LogEditorActor: Deleted 6 Actors (0.044 secs)
[2018.08.31-07.04.48:760][497]LogEditorViewport: Clicking Background
[2018.08.31-07.04.49:457][530]LogEditorViewport: Clicking Background
[2018.08.31-07.04.49:934][552]LogEditorViewport: Clicking Background
[2018.08.31-07.04.50:486][579]LogEditorViewport: Clicking Background
[2018.08.31-07.04.51:669][637]LogEditorViewport: Clicking on Actor (LMB): LightmassImportanceVolume (LightmassImportanceVolume)
[2018.08.31-07.04.52:456][672]Cmd: DELETE
[2018.08.31-07.04.52:456][672]Cmd: ACTOR DELETE
[2018.08.31-07.04.52:469][672]LogEditorActor: Deleted Actor: LightmassImportanceVolume
[2018.08.31-07.04.52:498][672]LogEditorActor: Deleted 1 Actors (0.031 secs)
[2018.08.31-07.04.53:352][715]LogEditorViewport: Clicking on Actor (LMB): PostProcessVolume (PostProcessVolume)
[2018.08.31-07.04.54:838][780]Cmd: DELETE
[2018.08.31-07.04.54:838][780]Cmd: ACTOR DELETE
[2018.08.31-07.04.54:840][780]LogEditorActor: Deleted Actor: PostProcessVolume
[2018.08.31-07.04.54:867][780]LogEditorActor: Deleted 1 Actors (0.029 secs)
[2018.08.31-07.04.56:249][849]LogSlate: FSceneViewport::OnFocusLost() reason 0
[2018.08.31-07.05.13:463][332]LogSlate: FSceneViewport::OnFocusLost() reason 0
[2018.08.31-07.05.13:654][348]LogActorFactory: Actor Factory created Cube
[2018.08.31-07.05.14:983][406]LogActorFactory: Actor Factory created Cube
[2018.08.31-07.05.16:185][454]Cmd: DELETE
[2018.08.31-07.05.16:185][454]Cmd: ACTOR DELETE
[2018.08.31-07.05.16:187][454]LogEditorActor: Deleted Actor: StaticMeshActor
[2018.08.31-07.05.16:218][454]LogEditorActor: Deleted 1 Actors (0.033 secs)
[2018.08.31-07.05.17:074][497]LogSlate: FSceneViewport::OnFocusLost() reason 0
[2018.08.31-07.05.22:142][738]Cmd: BRUSH ADD SELECTNEWBRUSH
[2018.08.31-07.05.39:338][895]LogSlate: FSceneViewport::OnFocusLost() reason 0
[2018.08.31-07.05.52:089][488]Cmd: CAMERA ALIGN ACTIVEVIEWPORTONLY
[2018.08.31-07.05.55:062][622]LogSlate: FSceneViewport::OnFocusLost() reason 0
[2018.08.31-07.05.58:956][807]Cmd: CAMERA ALIGN ACTIVEVIEWPORTONLY
[2018.08.31-07.06.06:017][133]Cmd: DUPLICATE
[2018.08.31-07.06.06:018][133]Cmd: ACTOR DUPLICATE
[2018.08.31-07.06.12:329][407]LogSlate: FSceneViewport::OnFocusLost() reason 0
[2018.08.31-07.06.39:452][640]LogSlate: FSceneViewport::OnFocusLost() reason 0
[2018.08.31-07.06.54:580][394]LogSlate: FSceneViewport::OnFocusLost() reason 0
[2018.08.31-07.07.54:370][116]Cmd: DUPLICATE
[2018.08.31-07.07.54:370][116]Cmd: ACTOR DUPLICATE
[2018.08.31-07.07.56:660][220]LogSlate: FSceneViewport::OnFocusLost() reason 0
[2018.08.31-07.08.13:942][997]Cmd: DUPLICATE
[2018.08.31-07.08.13:942][997]Cmd: ACTOR DUPLICATE
[2018.08.31-07.08.18:697][208]LogSlate: FSceneViewport::OnFocusLost() reason 0
[2018.08.31-07.08.33:138][889]LogSlate: FSceneViewport::OnFocusLost() reason 0
[2018.08.31-07.08.42:933][344]Cmd: DUPLICATE
[2018.08.31-07.08.42:933][344]Cmd: ACTOR DUPLICATE
[2018.08.31-07.08.43:754][378]LogSlate: FSceneViewport::OnFocusLost() reason 0
[2018.08.31-07.08.47:444][541]LogEditorViewport: Clicking Background
[2018.08.31-07.08.47:477][541]LogEditorViewport: Clicking Background
[2018.08.31-07.09.00:519][167]LogEditorViewport: Clicking on Actor (LMB): SkyLight (SkyLight)
[2018.08.31-07.09.09:943][580]LogEditorViewport: Clicking Background
[2018.08.31-07.09.16:284][850]Cmd: DUPLICATE
[2018.08.31-07.09.16:284][850]Cmd: ACTOR DUPLICATE
[2018.08.31-07.09.16:444][855]Cmd: DUPLICATE
[2018.08.31-07.09.16:444][855]Cmd: ACTOR DUPLICATE
[2018.08.31-07.09.19:026][971]Cmd: DELETE
[2018.08.31-07.09.19:026][971]Cmd: ACTOR DELETE
[2018.08.31-07.09.19:031][971]LogEditorActor: Deleted Actor: Brush
[2018.08.31-07.09.19:066][971]LogEditorActor: Deleted 1 Actors (0.040 secs)
[2018.08.31-07.09.34:278][639]LogSlate: FSceneViewport::OnFocusLost() reason 0
[2018.08.31-07.09.39:810][893]LogSlate: FSceneViewport::OnFocusLost() reason 0
[2018.08.31-07.09.44:452][ 96]LogEditorViewport: Clicking Background
[2018.08.31-07.09.45:427][131]LogSlate: FSceneViewport::OnFocusLost() reason 2
[2018.08.31-07.10.04:745][319]LogEditorViewport: Clicking Background
[2018.08.31-07.10.06:415][393]Cmd: EDIT COPY
[2018.08.31-07.10.06:624][402]Cmd: EDIT PASTE
[2018.08.31-07.10.14:533][761]LogEditorViewport: Clicking Background
[2018.08.31-07.10.18:026][917]LogSlate: FSceneViewport::OnFocusLost() reason 0
[2018.08.31-07.10.21:939][116]Cmd: EDIT COPY
[2018.08.31-07.10.22:175][127]Cmd: EDIT PASTE
[2018.08.31-07.10.43:470][137]Cmd: EDIT COPY
[2018.08.31-07.10.44:956][206]Cmd: EDIT PASTE
[2018.08.31-07.10.52:592][551]LogEditorViewport: Clicking on Actor (LMB): Brush (Box Brush11)
[2018.08.31-07.11.05:594][153]Cmd: EDIT COPY
[2018.08.31-07.11.05:832][163]Cmd: EDIT PASTE
[2018.08.31-07.11.12:385][463]Cmd: EDIT COPY
[2018.08.31-07.11.12:596][472]Cmd: EDIT PASTE
[2018.08.31-07.11.23:700][984]Cmd: EDIT COPY
[2018.08.31-07.11.23:958][995]Cmd: EDIT PASTE
[2018.08.31-07.11.50:951][229]LogSlate: FSceneViewport::OnFocusLost() reason 0
[2018.08.31-07.12.12:246][156]LogSlate: FSceneViewport::OnFocusLost() reason 0
[2018.08.31-07.12.21:862][671]Cmd: DELETE
[2018.08.31-07.12.21:862][671]Cmd: ACTOR DELETE
[2018.08.31-07.12.21:871][671]LogEditorActor: Deleted Actor: Brush
[2018.08.31-07.12.21:872][671]LogEditorActor: Deleted Actor: Brush
[2018.08.31-07.12.21:872][671]LogEditorActor: Deleted Actor: Brush
[2018.08.31-07.12.21:873][671]LogEditorActor: Deleted Actor: Brush
[2018.08.31-07.12.21:914][671]LogEditorActor: Deleted 4 Actors (0.051 secs)
[2018.08.31-07.12.25:487][831]LogSlate: FSceneViewport::OnFocusLost() reason 0
[2018.08.31-07.12.28:083][  8]Cmd: EDIT COPY
[2018.08.31-07.12.28:397][ 22]Cmd: EDIT PASTE
[2018.08.31-07.12.31:616][168]Cmd: EDIT COPY
[2018.08.31-07.12.32:011][187]Cmd: EDIT PASTE
[2018.08.31-07.12.36:187][375]Cmd: EDIT COPY
[2018.08.31-07.12.36:546][391]Cmd: EDIT PASTE
[2018.08.31-07.12.41:132][593]Cmd: EDIT COPY
[2018.08.31-07.12.41:359][603]Cmd: EDIT PASTE
[2018.08.31-07.13.13:720][ 68]LogSlate: FSceneViewport::OnFocusLost() reason 0
[2018.08.31-07.13.31:142][893]LogEditorViewport: Clicking on Actor (LMB): Brush (Box Brush23)
[2018.08.31-07.13.41:081][344]LogEditorViewport: Clicking Background
[2018.08.31-07.13.43:775][459]LogSlate: FSceneViewport::OnFocusLost() reason 0
[2018.08.31-07.13.49:522][710]LogSlate: FSceneViewport::OnFocusLost() reason 0
[2018.08.31-07.14.13:495][774]LogSlate: FSceneViewport::OnFocusLost() reason 0
[2018.08.31-07.14.28:420][384]LogSlate: FSceneViewport::OnFocusLost() reason 0
[2018.08.31-07.14.32:617][572]LogEditorViewport: Clicking Background
[2018.08.31-07.14.33:055][592]Cmd: TRANSACTION UNDO
[2018.08.31-07.14.33:055][592]LogEditorTransaction: Undo Clicking Background
[2018.08.31-07.14.33:129][592]LogSlate: Took 0.000256 seconds to synchronously load lazily loaded font '../../../Engine/Content/Slate/Fonts/Roboto-Light.ttf' (167K)
[2018.08.31-07.14.33:528][609]Cmd: TRANSACTION UNDO
[2018.08.31-07.14.33:528][609]LogEditorTransaction: Undo Set Location
[2018.08.31-07.14.33:560][609]LogActorComponent: ~FComponentReregisterContext: (/Game/ThirdPersonBP/Maps/ThirdPersonExampleMap.ThirdPersonExampleMap:PersistentLevel.BoxBrush11.BrushComponent0) Component already registered.
[2018.08.31-07.14.33:561][609]LogActorComponent: ~FComponentReregisterContext: (/Game/ThirdPersonBP/Maps/ThirdPersonExampleMap.ThirdPersonExampleMap:PersistentLevel.BoxBrush17.BrushComponent0) Component already registered.
[2018.08.31-07.14.33:572][609]LogActorComponent: ~FComponentReregisterContext: (/Game/ThirdPersonBP/Maps/ThirdPersonExampleMap.ThirdPersonExampleMap:PersistentLevel.BoxBrush22.BrushComponent0) Component already registered.
[2018.08.31-07.14.39:297][832]LogSlate: FSceneViewport::OnFocusLost() reason 0
[2018.08.31-07.14.44:451][ 52]LogSlate: FSceneViewport::OnFocusLost() reason 0
[2018.08.31-07.14.50:858][326]LogSlate: FSceneViewport::OnFocusLost() reason 0
[2018.08.31-07.15.09:407][151]LogSlate: FSceneViewport::OnFocusLost() reason 0
[2018.08.31-07.15.30:480][134]LogSlate: FSceneViewport::OnFocusLost() reason 0
[2018.08.31-07.15.34:982][347]Cmd: BRUSH ADD SELECTNEWBRUSH
[2018.08.31-07.15.38:265][492]LogSlate: FSceneViewport::OnFocusLost() reason 0
[2018.08.31-07.15.45:031][812]LogSlate: FSceneViewport::OnFocusLost() reason 0
[2018.08.31-07.16.14:478][204]LogSlate: FSceneViewport::OnFocusLost() reason 0
[2018.08.31-07.16.32:747][ 64]LogSlate: FSceneViewport::OnFocusLost() reason 0
[2018.08.31-07.16.48:396][799]LogSlate: FSceneViewport::OnFocusLost() reason 0
[2018.08.31-07.17.06:688][646]Cmd: EDIT COPY
[2018.08.31-07.17.07:727][695]Cmd: EDIT PASTE
[2018.08.31-07.17.22:962][381]Cmd: EDIT COPY
[2018.08.31-07.17.23:250][393]Cmd: EDIT PASTE
[2018.08.31-07.17.28:942][647]LogSlate: FSceneViewport::OnFocusLost() reason 0
[2018.08.31-07.17.35:927][970]LogSlate: FSceneViewport::OnFocusLost() reason 0
[2018.08.31-07.17.37:784][ 37]LogEditorViewport: Clicking Background
[2018.08.31-07.17.38:046][ 47]LogSlate: FSceneViewport::OnFocusLost() reason 2
[2018.08.31-07.17.46:736][ 64]LogSlate: FSceneViewport::OnFocusLost() reason 0
[2018.08.31-07.17.51:496][600]LogEditorViewport: Clicking on Actor (LMB): SphereReflectionCapture (SphereReflectionCapture)
[2018.08.31-07.17.59:029][444]LogEditorViewport: Clicking Background
[2018.08.31-07.18.04:407][ 66]LogEditorViewport: Clicking Background
[2018.08.31-07.18.12:434][968]LogSlate: FSceneViewport::OnFocusLost() reason 0
[2018.08.31-07.18.20:241][852]LogEditorViewport: Clicking Background
[2018.08.31-07.18.32:627][288]LogEditorViewport: Clicking on Actor (LMB): Brush (Box Brush11)
[2018.08.31-07.18.44:460][618]LogSlate: FSceneViewport::OnFocusLost() reason 0
[2018.08.31-07.18.46:561][867]Cmd: MODE GRID=0
[2018.08.31-07.18.51:859][422]Cmd: MODE GRID=1
[2018.08.31-07.18.55:661][827]LogEditorViewport: Clicking Background
[2018.08.31-07.18.59:022][219]LogEditorViewport: Clicking Background
[2018.08.31-07.18.59:103][226]LogEditorViewport: Clicking Background
[2018.08.31-07.18.59:617][283]LogSlate: FSceneViewport::OnFocusLost() reason 2
[2018.08.31-07.19.05:983][991]LogSlate: FSceneViewport::OnFocusLost() reason 0
[2018.08.31-07.19.19:038][472]Cmd: MODE SCALEGRID=0
[2018.08.31-07.19.22:544][859]Cmd: MODE SCALEGRID=1
[2018.08.31-07.19.48:934][890]LogEditorViewport: Clicking Background
[2018.08.31-07.19.52:785][337]LogSlate: FSceneViewport::OnFocusLost() reason 0
[2018.08.31-07.20.27:418][154]LogEditorViewport: Clicking Background
[2018.08.31-07.20.35:645][ 94]LogSlate: FSceneViewport::OnFocusLost() reason 0
[2018.08.31-07.20.35:761][108]Cmd: MODE ROTGRID=0
[2018.08.31-07.20.36:538][195]Cmd: MODE GRID=0
[2018.08.31-07.20.37:576][313]Cmd: MODE SCALEGRID=0
[2018.08.31-07.20.44:607][ 86]Cmd: MODE GRID=1
[2018.08.31-07.20.46:109][257]Cmd: MODE ROTGRID=1
[2018.08.31-07.20.46:816][337]Cmd: MODE SCALEGRID=1
[2018.08.31-07.20.51:715][747]LogEditorViewport: Clicking Background
[2018.08.31-07.21.23:694][451]LogSavePackage: Moving '../../../../../../Projects/3010/Ass3/Saved/ThirdPersonExampleMap_Auto17EED153845EFD9F677F061ADAEF83244.tmp' to '../../../../../../Projects/3010/Ass3/Saved/Autosaves/Game/ThirdPersonBP/Maps/ThirdPersonExampleMap_Auto1.umap'
[2018.08.31-07.21.23:710][451]LogFileHelpers: Editor autosave (incl. sublevels) for '/Game/ThirdPersonBP/Maps/ThirdPersonExampleMap' took 0.551
[2018.08.31-07.21.23:711][451]LogFileHelpers: Editor autosave (incl. sublevels) for all levels took 0.551
[2018.08.31-07.21.35:412][487]LogSlate: FSceneViewport::OnFocusLost() reason 2
[2018.08.31-07.22.01:807][625]LogEditorViewport: Clicking on Actor (LMB): Brush (Cylinder Brush)
[2018.08.31-07.22.14:776][ 83]LogSlate: FSceneViewport::OnFocusLost() reason 2
[2018.08.31-07.22.19:661][645]LogSlate: FSceneViewport::OnFocusLost() reason 0
[2018.08.31-07.22.19:799][661]Cmd: MODE GRID=0
[2018.08.31-07.22.21:590][840]Cmd: MODE GRID=1
[2018.08.31-07.22.27:820][537]Cmd: MODE GRID=0
[2018.08.31-07.22.36:232][495]Cmd: MODE GRID=1
[2018.08.31-07.22.53:438][423]LogEditorViewport: Clicking Background
[2018.08.31-07.22.57:895][922]LogSlate: FSceneViewport::OnFocusLost() reason 2
[2018.08.31-07.22.58:915][ 39]LogSlate: FSceneViewport::OnFocusLost() reason 2
[2018.08.31-07.23.10:220][386]LogEditorViewport: Clicking Background
[2018.08.31-07.23.11:101][489]LogEditorViewport: Clicking Background
[2018.08.31-07.23.18:526][238]Cmd: TRANSACTION UNDO
[2018.08.31-07.23.18:526][238]LogEditorTransaction: Undo Move Actors
[2018.08.31-07.23.19:568][317]LogSlate: FSceneViewport::OnFocusLost() reason 0
[2018.08.31-07.23.34:185][696]LogEditorViewport: Clicking Background
[2018.08.31-07.23.40:123][279]LogSlate: FSceneViewport::OnFocusLost() reason 0
[2018.08.31-07.24.19:934][480]LogEditorViewport: Clicking Background
[2018.08.31-07.24.40:779][840]LogEditorViewport: Clicking Background
[2018.08.31-07.24.45:414][334]LogSlate: FSceneViewport::OnFocusLost() reason 0
[2018.08.31-07.24.52:361][ 13]Cmd: TRANSACTION UNDO
[2018.08.31-07.24.52:361][ 13]LogEditorTransaction: Undo Move Actors
[2018.08.31-07.24.54:047][138]LogSlate: FSceneViewport::OnFocusLost() reason 0
[2018.08.31-07.25.21:143][ 91]LogSlate: FSceneViewport::OnFocusLost() reason 0
[2018.08.31-07.25.27:101][770]LogWindows: Windows GetLastError: The operation completed successfully. (0)
[2018.08.31-07.26.09:410][770]LogWindows: Error: === Critical error: ===
[2018.08.31-07.26.09:410][770]LogWindows: Error: 
[2018.08.31-07.26.09:410][770]LogWindows: Error: Assertion failed: Vertices.Num()>=3 [File:D:\Build\++UE4\Sync\Engine\Source\Runtime\Engine\Private\Polygon.cpp] [Line: 190] 
[2018.08.31-07.26.09:410][770]LogWindows: Error: 
[2018.08.31-07.26.09:410][770]LogWindows: Error: 
[2018.08.31-07.26.09:410][770]LogWindows: Error: 
[2018.08.31-07.26.09:410][770]LogWindows: Error: [Callstack] 0x00007ffe7bfea388 KERNELBASE.dll!UnknownFunction []
[2018.08.31-07.26.09:410][770]LogWindows: Error: [Callstack] 0x00007ffe56ee6850 UE4Editor-ApplicationCore.dll!FWindowsErrorOutputDevice::Serialize() [d:\build\++ue4\sync\engine\source\runtime\applicationcore\private\windows\windowserroroutputdevice.cpp:65]
[2018.08.31-07.26.09:410][770]LogWindows: Error: [Callstack] 0x00007ffe225062ec UE4Editor-Core.dll!FOutputDevice::LogfImpl() [d:\build\++ue4\sync\engine\source\runtime\core\private\misc\outputdevice.cpp:70]
[2018.08.31-07.26.09:410][770]LogWindows: Error: [Callstack] 0x00007ffe224951cb UE4Editor-Core.dll!FDebug::AssertFailed() [d:\build\++ue4\sync\engine\source\runtime\core\private\misc\assertionmacros.cpp:425]
[2018.08.31-07.26.09:410][770]LogWindows: Error: [Callstack] 0x00007ffe1e21e4c6 UE4Editor-Engine.dll!FPoly::SplitWithPlane() [d:\build\++ue4\sync\engine\source\runtime\engine\private\polygon.cpp:190]
[2018.08.31-07.26.09:410][770]LogWindows: Error: [Callstack] 0x00007ffe1e1e65aa UE4Editor-Engine.dll!FPoly::BuildAndCutInfiniteFPoly() [d:\build\++ue4\sync\engine\source\runtime\engine\private\polygon.cpp:859]
[2018.08.31-07.26.09:410][770]LogWindows: Error: [Callstack] 0x00007ffdfdd7acd5 UE4Editor-GeometryMode.dll!FPoly::OptimizeIntoConvexPolys<TArray<FPoly,FDefaultAllocator> >() [d:\build\++ue4\sync\engine\source\runtime\engine\classes\engine\polys.h:355]
[2018.08.31-07.26.09:410][770]LogWindows: Error: [Callstack] 0x00007ffdfdd9ef7c UE4Editor-GeometryMode.dll!FGeomObject::FinalizeSourceData() [d:\build\++ue4\sync\engine\source\editor\geometrymode\private\editorgeometry.cpp:469]
[2018.08.31-07.26.09:410][770]LogWindows: Error: [Callstack] 0x00007ffdfdd9e8fb UE4Editor-GeometryMode.dll!FEdModeGeometry::FinalizeSourceData() [d:\build\++ue4\sync\engine\source\editor\geometrymode\private\geometryedmode.cpp:951]
[2018.08.31-07.26.09:410][770]LogWindows: Error: [Callstack] 0x00007ffdfdd9c998 UE4Editor-GeometryMode.dll!FModeTool_GeometryModify::EndModify() [d:\build\++ue4\sync\engine\source\editor\geometrymode\private\geometryedmode.cpp:1181]
[2018.08.31-07.26.09:410][770]LogWindows: Error: [Callstack] 0x00007ffe20fceffa UE4Editor-UnrealEd.dll!FEditorModeTools::EndTracking() [d:\build\++ue4\sync\engine\source\editor\unrealed\private\editormodemanager.cpp:559]
[2018.08.31-07.26.09:410][770]LogWindows: Error: [Callstack] 0x00007ffe21487cfa UE4Editor-UnrealEd.dll!FLevelEditorViewportClient::TrackingStopped() [d:\build\++ue4\sync\engine\source\editor\unrealed\private\leveleditorviewport.cpp:2801]
[2018.08.31-07.26.09:410][770]LogWindows: Error: [Callstack] 0x00007ffe214cb31d UE4Editor-UnrealEd.dll!FMouseDeltaTracker::EndTracking() [d:\build\++ue4\sync\engine\source\editor\unrealed\private\mousedeltatracker.cpp:306]
[2018.08.31-07.26.09:410][770]LogWindows: Error: [Callstack] 0x00007ffe21086701 UE4Editor-UnrealEd.dll!FEditorViewportClient::StopTracking() [d:\build\++ue4\sync\engine\source\editor\unrealed\private\editorviewportclient.cpp:2653]
[2018.08.31-07.26.09:410][770]LogWindows: Error: [Callstack] 0x00007ffe2106a5b9 UE4Editor-UnrealEd.dll!FEditorViewportClient::InputKey() [d:\build\++ue4\sync\engine\source\editor\unrealed\private\editorviewportclient.cpp:2588]
[2018.08.31-07.26.09:410][770]LogWindows: Error: [Callstack] 0x00007ffe214721f3 UE4Editor-UnrealEd.dll!FLevelEditorViewportClient::InputKey() [d:\build\++ue4\sync\engine\source\editor\unrealed\private\leveleditorviewport.cpp:2597]
[2018.08.31-07.26.09:410][770]LogWindows: Error: [Callstack] 0x00007ffe1e484cd1 UE4Editor-Engine.dll!FSceneViewport::OnMouseButtonUp() [d:\build\++ue4\sync\engine\source\runtime\engine\private\slate\sceneviewport.cpp:593]
[2018.08.31-07.26.09:410][770]LogWindows: Error: [Callstack] 0x00007ffe2710c793 UE4Editor-Slate.dll!SViewport::OnMouseButtonUp() [d:\build\++ue4\sync\engine\source\runtime\slate\private\widgets\sviewport.cpp:202]
[2018.08.31-07.26.09:410][770]LogWindows: Error: [Callstack] 0x00007ffe26e694c5 UE4Editor-Slate.dll!FEventRouter::Route<FReply,FEventRouter::FToLeafmostPolicy,FPointerEvent,<lambda_1002768c627006711ef2f351a87ec0e7> >() [d:\build\++ue4\sync\engine\source\runtime\slate\private\framework\application\slateapplication.cpp:268]
[2018.08.31-07.26.09:410][770]LogWindows: Error: [Callstack] 0x00007ffe26f01db2 UE4Editor-Slate.dll!FSlateApplication::RoutePointerUpEvent() [d:\build\++ue4\sync\engine\source\runtime\slate\private\framework\application\slateapplication.cpp:5472]
[2018.08.31-07.26.09:410][770]LogWindows: Error: [Callstack] 0x00007ffe26ee7c7a UE4Editor-Slate.dll!FSlateApplication::ProcessMouseButtonUpEvent() [d:\build\++ue4\sync\engine\source\runtime\slate\private\framework\application\slateapplication.cpp:5979]
[2018.08.31-07.26.09:410][770]LogWindows: Error: [Callstack] 0x00007ffe26edb25c UE4Editor-Slate.dll!FSlateApplication::OnMouseUp() [d:\build\++ue4\sync\engine\source\runtime\slate\private\framework\application\slateapplication.cpp:5959]
[2018.08.31-07.26.09:410][770]LogWindows: Error: [Callstack] 0x00007ffe56edd1c7 UE4Editor-ApplicationCore.dll!FWindowsApplication::ProcessDeferredMessage() [d:\build\++ue4\sync\engine\source\runtime\applicationcore\private\windows\windowsapplication.cpp:1736]
[2018.08.31-07.26.09:410][770]LogWindows: Error: [Callstack] 0x00007ffe56ed0270 UE4Editor-ApplicationCore.dll!FWindowsApplication::DeferMessage() [d:\build\++ue4\sync\engine\source\runtime\applicationcore\private\windows\windowsapplication.cpp:2182]
[2018.08.31-07.26.09:410][770]LogWindows: Error: [Callstack] 0x00007ffe56edf4c5 UE4Editor-ApplicationCore.dll!FWindowsApplication::ProcessMessage() [d:\build\++ue4\sync\engine\source\runtime\applicationcore\private\windows\windowsapplication.cpp:895]
[2018.08.31-07.26.09:410][770]LogWindows: Error: [Callstack] 0x00007ffe56ecc209 UE4Editor-ApplicationCore.dll!FWindowsApplication::AppWndProc() [d:\build\++ue4\sync\engine\source\runtime\applicationcore\private\windows\windowsapplication.cpp:732]
[2018.08.31-07.26.09:410][770]LogWindows: Error: [Callstack] 0x00007ffe7d216cc1 USER32.dll!UnknownFunction []
[2018.08.31-07.26.09:410][770]LogWindows: Error: [Callstack] 0x00007ffe7d216693 USER32.dll!UnknownFunction []
[2018.08.31-07.26.09:410][770]LogWindows: Error: [Callstack] 0x00007ffe56ee0646 UE4Editor-ApplicationCore.dll!FWindowsPlatformApplicationMisc::PumpMessages() [d:\build\++ue4\sync\engine\source\runtime\applicationcore\private\windows\windowsplatformapplicationmisc.cpp:129]
[2018.08.31-07.26.09:410][770]LogWindows: Error: [Callstack] 0x00007ff6ee5154e5 UE4Editor.exe!FEngineLoop::Tick() [d:\build\++ue4\sync\engine\source\runtime\launch\private\launchengineloop.cpp:3417]
[2018.08.31-07.26.09:411][770]LogWindows: Error: [Callstack] 0x00007ff6ee525b3c UE4Editor.exe!GuardedMain() [d:\build\++ue4\sync\engine\source\runtime\launch\private\launch.cpp:166]
[2018.08.31-07.26.09:411][770]LogWindows: Error: [Callstack] 0x00007ff6ee525bba UE4Editor.exe!GuardedMainWrapper() [d:\build\++ue4\sync\engine\source\runtime\launch\private\windows\launchwindows.cpp:144]
[2018.08.31-07.26.09:411][770]LogWindows: Error: [Callstack] 0x00007ff6ee533dac UE4Editor.exe!WinMain() [d:\build\++ue4\sync\engine\source\runtime\launch\private\windows\launchwindows.cpp:223]
[2018.08.31-07.26.09:411][770]LogWindows: Error: [Callstack] 0x00007ff6ee535aaa UE4Editor.exe!__scrt_common_main_seh() [f:\dd\vctools\crt\vcstartup\src\startup\exe_common.inl:283]
[2018.08.31-07.26.09:411][770]LogWindows: Error: [Callstack] 0x00007ffe7ebe3034 KERNEL32.DLL!UnknownFunction []
[2018.08.31-07.26.09:411][770]LogWindows: Error: [Callstack] 0x00007ffe7f421431 ntdll.dll!UnknownFunction []
[2018.08.31-07.26.09:411][770]LogWindows: Error: 
[2018.08.31-07.26.09:431][770]LogExit: Executing StaticShutdownAfterError
[2018.08.31-07.26.09:436][770]LogWindows: FPlatformMisc::RequestExit(1)
[2018.08.31-07.26.09:443][770]Log file closed, 08/31/18 01:26:09
